<?xml version="1.0" encoding="UTF-8"?>
<coverage generated="1529281868228" clover="3.2.0">
  <project timestamp="1529281868228" name="All files">
    <metrics statements="154" coveredstatements="103" conditionals="79" coveredconditionals="44" methods="72" coveredmethods="45" elements="305" coveredelements="192" complexity="0" loc="154" ncloc="154" packages="3" files="8" classes="8">
      <package name="src">
        <metrics statements="5" coveredstatements="5" conditionals="4" coveredconditionals="4" methods="2" coveredmethods="2"/>
        <file name="utils.ts" path="/home/sentinel/WebstormProjects/new-project/src/utils.ts">
          <metrics statements="5" coveredstatements="5" conditionals="4" coveredconditionals="4" methods="2" coveredmethods="2"/>
          <line num="1" count="1" type="cond" truecount="2" falsecount="0"/>
          <line num="3" count="1" type="stmt"/>
          <line num="4" count="36" type="stmt"/>
          <line num="5" count="199" type="cond" truecount="2" falsecount="0"/>
          <line num="8" count="26" type="stmt"/>
        </file>
      </package>
      <package name="src.renderer.api.torrent">
        <metrics statements="61" coveredstatements="47" conditionals="56" coveredconditionals="32" methods="31" coveredmethods="23"/>
        <file name="adapter.ts" path="/home/sentinel/WebstormProjects/new-project/src/renderer/api/torrent/adapter.ts">
          <metrics statements="26" coveredstatements="21" conditionals="12" coveredconditionals="5" methods="15" coveredmethods="12"/>
          <line num="1" count="1" type="stmt"/>
          <line num="2" count="1" type="stmt"/>
          <line num="12" count="1" type="stmt"/>
          <line num="16" count="1" type="stmt"/>
          <line num="24" count="1" type="stmt"/>
          <line num="25" count="3" type="stmt"/>
          <line num="27" count="1" type="stmt"/>
          <line num="29" count="1" type="stmt"/>
          <line num="30" count="3" type="stmt"/>
          <line num="31" count="3" type="stmt"/>
          <line num="32" count="2" type="stmt"/>
          <line num="36" count="1" type="stmt"/>
          <line num="38" count="14" type="stmt"/>
          <line num="42" count="1" type="stmt"/>
          <line num="48" count="14" type="stmt"/>
          <line num="59" count="0" type="stmt"/>
          <line num="70" count="1" type="stmt"/>
          <line num="73" count="1" type="stmt"/>
          <line num="74" count="2" type="stmt"/>
          <line num="77" count="1" type="stmt"/>
          <line num="79" count="1" type="stmt"/>
          <line num="81" count="1" type="stmt"/>
          <line num="86" count="0" type="stmt"/>
          <line num="88" count="0" type="stmt"/>
          <line num="89" count="0" type="stmt"/>
          <line num="93" count="0" type="stmt"/>
        </file>
        <file name="provider-utils.ts" path="/home/sentinel/WebstormProjects/new-project/src/renderer/api/torrent/provider-utils.ts">
          <metrics statements="35" coveredstatements="26" conditionals="44" coveredconditionals="27" methods="16" coveredmethods="11"/>
          <line num="1" count="1" type="stmt"/>
          <line num="4" count="1" type="stmt"/>
          <line num="11" count="4" type="stmt"/>
          <line num="19" count="8" type="cond" truecount="2" falsecount="0"/>
          <line num="28" count="10" type="stmt"/>
          <line num="43" count="8" type="stmt"/>
          <line num="66" count="8" type="stmt"/>
          <line num="83" count="10" type="cond" truecount="1" falsecount="1"/>
          <line num="86" count="10" type="cond" truecount="2" falsecount="0"/>
          <line num="89" count="8" type="cond" truecount="1" falsecount="1"/>
          <line num="92" count="8" type="cond" truecount="1" falsecount="1"/>
          <line num="95" count="8" type="cond" truecount="1" falsecount="1"/>
          <line num="98" count="8" type="cond" truecount="1" falsecount="1"/>
          <line num="102" count="0" type="stmt"/>
          <line num="105" count="8" type="cond" truecount="2" falsecount="0"/>
          <line num="112" count="6" type="stmt"/>
          <line num="115" count="2" type="cond" truecount="1" falsecount="1"/>
          <line num="120" count="2" type="stmt"/>
          <line num="123" count="0" type="cond" truecount="0" falsecount="2"/>
          <line num="127" count="0" type="stmt"/>
          <line num="129" count="0" type="stmt"/>
          <line num="133" count="1" type="stmt"/>
          <line num="134" count="23" type="cond" truecount="1" falsecount="1"/>
          <line num="136" count="23" type="stmt"/>
          <line num="143" count="0" type="stmt"/>
          <line num="150" count="4" type="stmt"/>
          <line num="154" count="14" type="cond" truecount="2" falsecount="0"/>
          <line num="158" count="14" type="cond" truecount="1" falsecount="1"/>
          <line num="159" count="14" type="cond" truecount="4" falsecount="1"/>
          <line num="160" count="14" type="cond" truecount="4" falsecount="0"/>
          <line num="162" count="1" type="stmt"/>
          <line num="166" count="0" type="stmt"/>
          <line num="168" count="0" type="stmt"/>
          <line num="169" count="0" type="stmt"/>
          <line num="171" count="0" type="stmt"/>
        </file>
      </package>
      <package name="src.renderer.api.torrent.providers">
        <metrics statements="88" coveredstatements="51" conditionals="19" coveredconditionals="8" methods="39" coveredmethods="20"/>
        <file name="idope-torrent.provider.ts" path="/home/sentinel/WebstormProjects/new-project/src/renderer/api/torrent/providers/idope-torrent.provider.ts">
          <metrics statements="22" coveredstatements="4" conditionals="3" coveredconditionals="0" methods="9" coveredmethods="0"/>
          <line num="1" count="1" type="stmt"/>
          <line num="2" count="1" type="stmt"/>
          <line num="5" count="1" type="stmt"/>
          <line num="7" count="1" type="stmt"/>
          <line num="9" count="0" type="stmt"/>
          <line num="10" count="0" type="stmt"/>
          <line num="14" count="0" type="stmt"/>
          <line num="21" count="0" type="stmt"/>
          <line num="27" count="0" type="stmt"/>
          <line num="31" count="0" type="stmt"/>
          <line num="37" count="0" type="stmt"/>
          <line num="41" count="0" type="stmt"/>
          <line num="42" count="0" type="stmt"/>
          <line num="43" count="0" type="stmt"/>
          <line num="47" count="0" type="stmt"/>
          <line num="48" count="0" type="stmt"/>
          <line num="51" count="0" type="stmt"/>
          <line num="53" count="0" type="stmt"/>
          <line num="66" count="0" type="stmt"/>
          <line num="68" count="0" type="stmt"/>
          <line num="71" count="0" type="stmt"/>
          <line num="76" count="0" type="stmt"/>
        </file>
        <file name="index.ts" path="/home/sentinel/WebstormProjects/new-project/src/renderer/api/torrent/providers/index.ts">
          <metrics statements="5" coveredstatements="5" conditionals="0" coveredconditionals="0" methods="0" coveredmethods="0"/>
          <line num="1" count="1" type="stmt"/>
          <line num="2" count="1" type="stmt"/>
          <line num="3" count="1" type="stmt"/>
          <line num="4" count="1" type="stmt"/>
          <line num="6" count="1" type="stmt"/>
        </file>
        <file name="kickass-torrent.provider.ts" path="/home/sentinel/WebstormProjects/new-project/src/renderer/api/torrent/providers/kickass-torrent.provider.ts">
          <metrics statements="21" coveredstatements="17" conditionals="5" coveredconditionals="3" methods="10" coveredmethods="8"/>
          <line num="1" count="1" type="stmt"/>
          <line num="2" count="1" type="stmt"/>
          <line num="5" count="1" type="stmt"/>
          <line num="7" count="1" type="stmt"/>
          <line num="9" count="1" type="stmt"/>
          <line num="10" count="1" type="stmt"/>
          <line num="14" count="1" type="stmt"/>
          <line num="21" count="1" type="stmt"/>
          <line num="26" count="1" type="stmt"/>
          <line num="27" count="0" type="stmt"/>
          <line num="31" count="1" type="stmt"/>
          <line num="32" count="1" type="stmt"/>
          <line num="34" count="1" type="stmt"/>
          <line num="35" count="10" type="stmt"/>
          <line num="48" count="1" type="stmt"/>
          <line num="49" count="1" type="stmt"/>
          <line num="50" count="0" type="stmt"/>
          <line num="54" count="1" type="stmt"/>
          <line num="56" count="1" type="cond" truecount="2" falsecount="0"/>
          <line num="59" count="0" type="stmt"/>
          <line num="64" count="0" type="stmt"/>
        </file>
        <file name="tpb-torrent.provider.ts" path="/home/sentinel/WebstormProjects/new-project/src/renderer/api/torrent/providers/tpb-torrent.provider.ts">
          <metrics statements="22" coveredstatements="9" conditionals="3" coveredconditionals="0" methods="10" coveredmethods="3"/>
          <line num="1" count="1" type="stmt"/>
          <line num="2" count="1" type="stmt"/>
          <line num="4" count="1" type="stmt"/>
          <line num="7" count="1" type="stmt"/>
          <line num="9" count="1" type="stmt"/>
          <line num="10" count="1" type="stmt"/>
          <line num="14" count="1" type="stmt"/>
          <line num="21" count="0" type="stmt"/>
          <line num="22" count="0" type="stmt"/>
          <line num="23" count="0" type="stmt"/>
          <line num="27" count="0" type="stmt"/>
          <line num="28" count="0" type="stmt"/>
          <line num="30" count="0" type="stmt"/>
          <line num="31" count="0" type="stmt"/>
          <line num="33" count="0" type="stmt"/>
          <line num="47" count="1" type="stmt"/>
          <line num="48" count="0" type="stmt"/>
          <line num="49" count="1" type="stmt"/>
          <line num="53" count="0" type="stmt"/>
          <line num="55" count="0" type="stmt"/>
          <line num="58" count="0" type="stmt"/>
          <line num="63" count="0" type="stmt"/>
        </file>
        <file name="yts-torrent.provider.ts" path="/home/sentinel/WebstormProjects/new-project/src/renderer/api/torrent/providers/yts-torrent.provider.ts">
          <metrics statements="18" coveredstatements="16" conditionals="8" coveredconditionals="5" methods="10" coveredmethods="9"/>
          <line num="1" count="1" type="stmt"/>
          <line num="3" count="1" type="stmt"/>
          <line num="6" count="1" type="stmt"/>
          <line num="9" count="1" type="stmt"/>
          <line num="10" count="1" type="stmt"/>
          <line num="14" count="1" type="stmt"/>
          <line num="21" count="1" type="stmt"/>
          <line num="31" count="4" type="stmt"/>
          <line num="43" count="1" type="stmt"/>
          <line num="44" count="1" type="stmt"/>
          <line num="45" count="0" type="stmt"/>
          <line num="49" count="1" type="stmt"/>
          <line num="51" count="1" type="cond" truecount="2" falsecount="0"/>
          <line num="53" count="1" type="cond" truecount="1" falsecount="1"/>
          <line num="55" count="1" type="stmt"/>
          <line num="57" count="2" type="stmt"/>
          <line num="58" count="4" type="stmt"/>
          <line num="65" count="0" type="stmt"/>
        </file>
      </package>
    </metrics>
  </project>
</coverage>
