{"/home/sentinel/WebstormProjects/new-project/src/utils.ts": {"path":"/home/sentinel/WebstormProjects/new-project/src/utils.ts","statementMap":{"0":{"start":{"line":1,"column":0},"end":{"line":11,"column":1}},"1":{"start":{"line":4,"column":8},"end":{"line":6,"column":9}},"2":{"start":{"line":5,"column":12},"end":{"line":5,"column":59}},"3":{"start":{"line":5,"column":47},"end":{"line":5,"column":59}},"4":{"start":{"line":8,"column":8},"end":{"line":8,"column":21}},"5":{"start":{"line":3,"column":20},"end":{"line":9,"column":5}}},"fnMap":{"0":{"name":"(anonymous_0)","decl":{"start":{"line":1,"column":0},"end":{"line":1,"column":16}},"loc":{"start":{"line":1,"column":22},"end":{"line":11,"column":1}}},"1":{"name":"includes","decl":{"start":{"line":3,"column":4},"end":{"line":3,"column":28}},"loc":{"start":{"line":3,"column":58},"end":{"line":9,"column":5}}}},"branchMap":{"0":{"loc":{"start":{"line":5,"column":12},"end":{"line":5,"column":59}},"type":"if","locations":[{"start":{"line":5,"column":12},"end":{"line":5,"column":59}},{"start":{"line":5,"column":12},"end":{"line":5,"column":59}}]},"1":{"loc":{"start":{"line":1,"column":17},"end":{"line":1,"column":22}},"type":"binary-expr","locations":[{"start":{"line":1,"column":17},"end":{"line":1,"column":22}},{"start":{"line":1,"column":17},"end":{"line":1,"column":22}}]}},"s":{"0":1,"1":36,"2":199,"3":10,"4":26,"5":1},"f":{"0":1,"1":36},"b":{"0":[10,189],"1":[1,1]}}
,"/home/sentinel/WebstormProjects/new-project/src/renderer/api/torrent/adapter.ts": {"path":"/home/sentinel/WebstormProjects/new-project/src/renderer/api/torrent/adapter.ts","statementMap":{"0":{"start":{"line":1,"column":0},"end":{"line":1,"column":48}},"1":{"start":{"line":2,"column":0},"end":{"line":10,"column":20}},"2":{"start":{"line":16,"column":12},"end":{"line":21,"column":6}},"3":{"start":{"line":24,"column":33},"end":{"line":26,"column":9}},"4":{"start":{"line":25,"column":24},"end":{"line":25,"column":44}},"5":{"start":{"line":27,"column":41},"end":{"line":27,"column":76}},"6":{"start":{"line":29,"column":8},"end":{"line":32,"column":33}},"7":{"start":{"line":30,"column":27},"end":{"line":30,"column":59}},"8":{"start":{"line":31,"column":32},"end":{"line":31,"column":45}},"9":{"start":{"line":32,"column":22},"end":{"line":32,"column":31}},"10":{"start":{"line":36,"column":31},"end":{"line":40,"column":9}},"11":{"start":{"line":38,"column":25},"end":{"line":38,"column":42}},"12":{"start":{"line":42,"column":8},"end":{"line":42,"column":30}},"13":{"start":{"line":48,"column":8},"end":{"line":55,"column":12}},"14":{"start":{"line":48,"column":66},"end":{"line":54,"column":80}},"15":{"start":{"line":59,"column":8},"end":{"line":66,"column":10}},"16":{"start":{"line":70,"column":8},"end":{"line":70,"column":45}},"17":{"start":{"line":73,"column":32},"end":{"line":75,"column":9}},"18":{"start":{"line":74,"column":24},"end":{"line":74,"column":71}},"19":{"start":{"line":77,"column":32},"end":{"line":77,"column":66}},"20":{"start":{"line":79,"column":8},"end":{"line":94,"column":9}},"21":{"start":{"line":81,"column":16},"end":{"line":83,"column":18}},"22":{"start":{"line":86,"column":16},"end":{"line":90,"column":18}},"23":{"start":{"line":88,"column":40},"end":{"line":88,"column":55}},"24":{"start":{"line":89,"column":40},"end":{"line":89,"column":79}},"25":{"start":{"line":93,"column":16},"end":{"line":93,"column":26}},"26":{"start":{"line":12,"column":0},"end":{"line":97,"column":1}}},"fnMap":{"0":{"name":"(anonymous_0)","decl":{"start":{"line":12,"column":0},"end":{"line":null,"column":-1}},"loc":{"start":{"line":12,"column":0},"end":{"line":97,"column":1}}},"1":{"name":"(anonymous_1)","decl":{"start":{"line":23,"column":17},"end":{"line":23,"column":30}},"loc":{"start":{"line":23,"column":31},"end":{"line":33,"column":5}}},"2":{"name":"(anonymous_3)","decl":{"start":{"line":25,"column":12},"end":{"line":25,"column":19}},"loc":{"start":{"line":25,"column":24},"end":{"line":25,"column":44}}},"3":{"name":"(anonymous_4)","decl":{"start":{"line":30,"column":17},"end":{"line":30,"column":18}},"loc":{"start":{"line":30,"column":27},"end":{"line":30,"column":59}}},"4":{"name":"(anonymous_5)","decl":{"start":{"line":31,"column":20},"end":{"line":31,"column":27}},"loc":{"start":{"line":31,"column":32},"end":{"line":31,"column":45}}},"5":{"name":"(anonymous_6)","decl":{"start":{"line":32,"column":17},"end":{"line":32,"column":18}},"loc":{"start":{"line":32,"column":22},"end":{"line":32,"column":31}}},"6":{"name":"(anonymous_7)","decl":{"start":{"line":35,"column":18},"end":{"line":35,"column":31}},"loc":{"start":{"line":35,"column":53},"end":{"line":45,"column":5}}},"7":{"name":"(anonymous_9)","decl":{"start":{"line":38,"column":14},"end":{"line":38,"column":20}},"loc":{"start":{"line":38,"column":25},"end":{"line":38,"column":42}}},"8":{"name":"(anonymous_10)","decl":{"start":{"line":47,"column":12},"end":{"line":47,"column":27}},"loc":{"start":{"line":47,"column":72},"end":{"line":56,"column":5}}},"9":{"name":"(anonymous_11)","decl":{"start":{"line":48,"column":56},"end":{"line":48,"column":61}},"loc":{"start":{"line":48,"column":66},"end":{"line":54,"column":80}}},"10":{"name":"(anonymous_12)","decl":{"start":{"line":58,"column":12},"end":{"line":58,"column":22}},"loc":{"start":{"line":58,"column":66},"end":{"line":67,"column":5}}},"11":{"name":"(anonymous_13)","decl":{"start":{"line":69,"column":17},"end":{"line":69,"column":22}},"loc":{"start":{"line":69,"column":98},"end":{"line":95,"column":5}}},"12":{"name":"(anonymous_15)","decl":{"start":{"line":74,"column":12},"end":{"line":74,"column":19}},"loc":{"start":{"line":74,"column":24},"end":{"line":74,"column":71}}},"13":{"name":"(anonymous_16)","decl":{"start":{"line":88,"column":32},"end":{"line":88,"column":35}},"loc":{"start":{"line":88,"column":40},"end":{"line":88,"column":55}}},"14":{"name":"(anonymous_17)","decl":{"start":{"line":89,"column":32},"end":{"line":89,"column":35}},"loc":{"start":{"line":89,"column":40},"end":{"line":89,"column":79}}}},"branchMap":{"0":{"loc":{"start":{"line":51,"column":44},"end":{"line":51,"column":58}},"type":"binary-expr","locations":[{"start":{"line":51,"column":44},"end":{"line":51,"column":58}},{"start":{"line":51,"column":62},"end":{"line":51,"column":63}}]},"1":{"loc":{"start":{"line":51,"column":65},"end":{"line":51,"column":80}},"type":"binary-expr","locations":[{"start":{"line":51,"column":65},"end":{"line":51,"column":80}},{"start":{"line":51,"column":84},"end":{"line":51,"column":85}}]},"2":{"loc":{"start":{"line":53,"column":18},"end":{"line":53,"column":32}},"type":"cond-expr","locations":[{"start":{"line":53,"column":18},"end":{"line":53,"column":32}},{"start":{"line":54,"column":18},"end":{"line":54,"column":80}}]},"3":{"loc":{"start":{"line":60,"column":12},"end":{"line":65,"column":13}},"type":"binary-expr","locations":[{"start":{"line":60,"column":12},"end":{"line":65,"column":13}},{"start":{"line":65,"column":17},"end":{"line":65,"column":35}}]},"4":{"loc":{"start":{"line":69,"column":96},"end":{"line":69,"column":98}},"type":"default-arg","locations":[{"start":{"line":69,"column":96},"end":{"line":69,"column":98}}]},"5":{"loc":{"start":{"line":80,"column":12},"end":{"line":83,"column":18}},"type":"switch","locations":[{"start":{"line":80,"column":12},"end":{"line":83,"column":18}},{"start":{"line":85,"column":12},"end":{"line":90,"column":18}},{"start":{"line":92,"column":12},"end":{"line":93,"column":26}}]}},"s":{"0":1,"1":1,"2":1,"3":1,"4":3,"5":1,"6":1,"7":3,"8":3,"9":2,"10":1,"11":14,"12":1,"13":1,"14":14,"15":0,"16":1,"17":1,"18":2,"19":1,"20":1,"21":1,"22":0,"23":0,"24":0,"25":0,"26":1},"f":{"0":1,"1":1,"2":3,"3":3,"4":3,"5":2,"6":1,"7":14,"8":1,"9":14,"10":0,"11":1,"12":2,"13":0,"14":0},"b":{"0":[14,0],"1":[14,0],"2":[4,10],"3":[0,0],"4":[0],"5":[1,0,0]}}
,"/home/sentinel/WebstormProjects/new-project/src/renderer/api/torrent/provider-utils.ts": {"path":"/home/sentinel/WebstormProjects/new-project/src/renderer/api/torrent/provider-utils.ts","statementMap":{"0":{"start":{"line":1,"column":0},"end":{"line":1,"column":38}},"1":{"start":{"line":19,"column":8},"end":{"line":19,"column":70}},"2":{"start":{"line":28,"column":8},"end":{"line":34,"column":11}},"3":{"start":{"line":43,"column":8},"end":{"line":57,"column":11}},"4":{"start":{"line":66,"column":8},"end":{"line":66,"column":40}},"5":{"start":{"line":83,"column":25},"end":{"line":83,"column":59}},"6":{"start":{"line":86,"column":8},"end":{"line":86,"column":54}},"7":{"start":{"line":86,"column":42},"end":{"line":86,"column":54}},"8":{"start":{"line":89,"column":8},"end":{"line":89,"column":62}},"9":{"start":{"line":89,"column":50},"end":{"line":89,"column":62}},"10":{"start":{"line":92,"column":8},"end":{"line":92,"column":62}},"11":{"start":{"line":92,"column":50},"end":{"line":92,"column":62}},"12":{"start":{"line":95,"column":8},"end":{"line":95,"column":53}},"13":{"start":{"line":95,"column":41},"end":{"line":95,"column":53}},"14":{"start":{"line":98,"column":8},"end":{"line":102,"column":24}},"15":{"start":{"line":102,"column":12},"end":{"line":102,"column":24}},"16":{"start":{"line":105,"column":8},"end":{"line":112,"column":26}},"17":{"start":{"line":112,"column":12},"end":{"line":112,"column":26}},"18":{"start":{"line":115,"column":8},"end":{"line":120,"column":27}},"19":{"start":{"line":120,"column":12},"end":{"line":120,"column":27}},"20":{"start":{"line":123,"column":8},"end":{"line":127,"column":26}},"21":{"start":{"line":127,"column":12},"end":{"line":127,"column":26}},"22":{"start":{"line":129,"column":8},"end":{"line":129,"column":20}},"23":{"start":{"line":133,"column":8},"end":{"line":139,"column":11}},"24":{"start":{"line":134,"column":11},"end":{"line":134,"column":55}},"25":{"start":{"line":134,"column":46},"end":{"line":134,"column":55}},"26":{"start":{"line":136,"column":11},"end":{"line":138,"column":19}},"27":{"start":{"line":143,"column":8},"end":{"line":146,"column":10}},"28":{"start":{"line":150,"column":8},"end":{"line":150,"column":84}},"29":{"start":{"line":150,"column":53},"end":{"line":150,"column":78}},"30":{"start":{"line":154,"column":22},"end":{"line":156,"column":21}},"31":{"start":{"line":158,"column":8},"end":{"line":158,"column":40}},"32":{"start":{"line":158,"column":26},"end":{"line":158,"column":40}},"33":{"start":{"line":159,"column":8},"end":{"line":159,"column":73}},"34":{"start":{"line":159,"column":57},"end":{"line":159,"column":73}},"35":{"start":{"line":160,"column":8},"end":{"line":160,"column":58}},"36":{"start":{"line":160,"column":41},"end":{"line":160,"column":58}},"37":{"start":{"line":162,"column":8},"end":{"line":162,"column":22}},"38":{"start":{"line":166,"column":8},"end":{"line":171,"column":31}},"39":{"start":{"line":168,"column":16},"end":{"line":170,"column":18}},"40":{"start":{"line":169,"column":29},"end":{"line":169,"column":45}},"41":{"start":{"line":171,"column":27},"end":{"line":171,"column":29}},"42":{"start":{"line":11,"column":18},"end":{"line":11,"column":84}},"43":{"start":{"line":11,"column":54},"end":{"line":11,"column":83}},"44":{"start":{"line":4,"column":0},"end":{"line":174,"column":1}}},"fnMap":{"0":{"name":"(anonymous_0)","decl":{"start":{"line":18,"column":12},"end":{"line":18,"column":17}},"loc":{"start":{"line":18,"column":57},"end":{"line":20,"column":5}}},"1":{"name":"(anonymous_1)","decl":{"start":{"line":27,"column":12},"end":{"line":27,"column":17}},"loc":{"start":{"line":27,"column":49},"end":{"line":35,"column":5}}},"2":{"name":"(anonymous_2)","decl":{"start":{"line":42,"column":12},"end":{"line":42,"column":17}},"loc":{"start":{"line":42,"column":57},"end":{"line":58,"column":5}}},"3":{"name":"(anonymous_3)","decl":{"start":{"line":65,"column":12},"end":{"line":65,"column":17}},"loc":{"start":{"line":65,"column":48},"end":{"line":67,"column":5}}},"4":{"name":"(anonymous_4)","decl":{"start":{"line":82,"column":11},"end":{"line":82,"column":16}},"loc":{"start":{"line":82,"column":67},"end":{"line":130,"column":5}}},"5":{"name":"(anonymous_5)","decl":{"start":{"line":132,"column":11},"end":{"line":132,"column":16}},"loc":{"start":{"line":132,"column":60},"end":{"line":140,"column":5}}},"6":{"name":"(anonymous_6)","decl":{"start":{"line":133,"column":29},"end":{"line":133,"column":30}},"loc":{"start":{"line":133,"column":40},"end":{"line":139,"column":9}}},"7":{"name":"(anonymous_7)","decl":{"start":{"line":142,"column":11},"end":{"line":142,"column":16}},"loc":{"start":{"line":142,"column":95},"end":{"line":147,"column":5}}},"8":{"name":"(anonymous_8)","decl":{"start":{"line":149,"column":11},"end":{"line":149,"column":16}},"loc":{"start":{"line":149,"column":38},"end":{"line":151,"column":5}}},"9":{"name":"(anonymous_9)","decl":{"start":{"line":150,"column":30},"end":{"line":150,"column":31}},"loc":{"start":{"line":150,"column":53},"end":{"line":150,"column":78}}},"10":{"name":"(anonymous_10)","decl":{"start":{"line":153,"column":11},"end":{"line":153,"column":16}},"loc":{"start":{"line":153,"column":65},"end":{"line":163,"column":5}}},"11":{"name":"(anonymous_11)","decl":{"start":{"line":165,"column":11},"end":{"line":165,"column":16}},"loc":{"start":{"line":165,"column":64},"end":{"line":172,"column":5}}},"12":{"name":"(anonymous_12)","decl":{"start":{"line":167,"column":18},"end":{"line":167,"column":20}},"loc":{"start":{"line":167,"column":21},"end":{"line":171,"column":13}}},"13":{"name":"(anonymous_13)","decl":{"start":{"line":169,"column":20},"end":{"line":169,"column":21}},"loc":{"start":{"line":169,"column":29},"end":{"line":169,"column":45}}},"14":{"name":"(anonymous_14)","decl":{"start":{"line":171,"column":21},"end":{"line":171,"column":26}},"loc":{"start":{"line":171,"column":27},"end":{"line":171,"column":29}}},"15":{"name":"(anonymous_15)","decl":{"start":{"line":11,"column":36},"end":{"line":11,"column":37}},"loc":{"start":{"line":11,"column":54},"end":{"line":11,"column":83}}}},"branchMap":{"0":{"loc":{"start":{"line":19,"column":15},"end":{"line":19,"column":38}},"type":"binary-expr","locations":[{"start":{"line":19,"column":15},"end":{"line":19,"column":38}},{"start":{"line":19,"column":42},"end":{"line":19,"column":69}}]},"1":{"loc":{"start":{"line":83,"column":26},"end":{"line":83,"column":34}},"type":"binary-expr","locations":[{"start":{"line":83,"column":26},"end":{"line":83,"column":34}},{"start":{"line":83,"column":38},"end":{"line":83,"column":44}}]},"2":{"loc":{"start":{"line":86,"column":8},"end":{"line":86,"column":54}},"type":"if","locations":[{"start":{"line":86,"column":8},"end":{"line":86,"column":54}},{"start":{"line":86,"column":8},"end":{"line":86,"column":54}}]},"3":{"loc":{"start":{"line":89,"column":8},"end":{"line":89,"column":62}},"type":"if","locations":[{"start":{"line":89,"column":8},"end":{"line":89,"column":62}},{"start":{"line":89,"column":8},"end":{"line":89,"column":62}}]},"4":{"loc":{"start":{"line":92,"column":8},"end":{"line":92,"column":62}},"type":"if","locations":[{"start":{"line":92,"column":8},"end":{"line":92,"column":62}},{"start":{"line":92,"column":8},"end":{"line":92,"column":62}}]},"5":{"loc":{"start":{"line":95,"column":8},"end":{"line":95,"column":53}},"type":"if","locations":[{"start":{"line":95,"column":8},"end":{"line":95,"column":53}},{"start":{"line":95,"column":8},"end":{"line":95,"column":53}}]},"6":{"loc":{"start":{"line":98,"column":8},"end":{"line":102,"column":24}},"type":"if","locations":[{"start":{"line":98,"column":8},"end":{"line":102,"column":24}},{"start":{"line":98,"column":8},"end":{"line":102,"column":24}}]},"7":{"loc":{"start":{"line":105,"column":8},"end":{"line":112,"column":26}},"type":"if","locations":[{"start":{"line":105,"column":8},"end":{"line":112,"column":26}},{"start":{"line":105,"column":8},"end":{"line":112,"column":26}}]},"8":{"loc":{"start":{"line":115,"column":8},"end":{"line":120,"column":27}},"type":"if","locations":[{"start":{"line":115,"column":8},"end":{"line":120,"column":27}},{"start":{"line":115,"column":8},"end":{"line":120,"column":27}}]},"9":{"loc":{"start":{"line":123,"column":8},"end":{"line":127,"column":26}},"type":"if","locations":[{"start":{"line":123,"column":8},"end":{"line":127,"column":26}},{"start":{"line":123,"column":8},"end":{"line":127,"column":26}}]},"10":{"loc":{"start":{"line":134,"column":11},"end":{"line":134,"column":55}},"type":"if","locations":[{"start":{"line":134,"column":11},"end":{"line":134,"column":55}},{"start":{"line":134,"column":11},"end":{"line":134,"column":55}}]},"11":{"loc":{"start":{"line":137,"column":17},"end":{"line":137,"column":19}},"type":"cond-expr","locations":[{"start":{"line":137,"column":17},"end":{"line":137,"column":19}},{"start":{"line":138,"column":17},"end":{"line":138,"column":18}}]},"12":{"loc":{"start":{"line":144,"column":50},"end":{"line":144,"column":62}},"type":"cond-expr","locations":[{"start":{"line":144,"column":50},"end":{"line":144,"column":62}},{"start":{"line":144,"column":65},"end":{"line":144,"column":71}}]},"13":{"loc":{"start":{"line":145,"column":51},"end":{"line":145,"column":64}},"type":"cond-expr","locations":[{"start":{"line":145,"column":51},"end":{"line":145,"column":64}},{"start":{"line":145,"column":67},"end":{"line":145,"column":74}}]},"14":{"loc":{"start":{"line":153,"column":64},"end":{"line":153,"column":65}},"type":"default-arg","locations":[{"start":{"line":153,"column":64},"end":{"line":153,"column":65}}]},"15":{"loc":{"start":{"line":155,"column":15},"end":{"line":155,"column":33}},"type":"cond-expr","locations":[{"start":{"line":155,"column":15},"end":{"line":155,"column":33}},{"start":{"line":156,"column":14},"end":{"line":156,"column":21}}]},"16":{"loc":{"start":{"line":154,"column":23},"end":{"line":154,"column":30}},"type":"binary-expr","locations":[{"start":{"line":154,"column":23},"end":{"line":154,"column":30}},{"start":{"line":154,"column":34},"end":{"line":154,"column":44}}]},"17":{"loc":{"start":{"line":158,"column":8},"end":{"line":158,"column":40}},"type":"if","locations":[{"start":{"line":158,"column":8},"end":{"line":158,"column":40}},{"start":{"line":158,"column":8},"end":{"line":158,"column":40}}]},"18":{"loc":{"start":{"line":159,"column":8},"end":{"line":159,"column":73}},"type":"if","locations":[{"start":{"line":159,"column":8},"end":{"line":159,"column":73}},{"start":{"line":159,"column":8},"end":{"line":159,"column":73}}]},"19":{"loc":{"start":{"line":159,"column":12},"end":{"line":159,"column":21}},"type":"binary-expr","locations":[{"start":{"line":159,"column":12},"end":{"line":159,"column":21}},{"start":{"line":159,"column":25},"end":{"line":159,"column":38}},{"start":{"line":159,"column":42},"end":{"line":159,"column":55}}]},"20":{"loc":{"start":{"line":160,"column":8},"end":{"line":160,"column":58}},"type":"if","locations":[{"start":{"line":160,"column":8},"end":{"line":160,"column":58}},{"start":{"line":160,"column":8},"end":{"line":160,"column":58}}]},"21":{"loc":{"start":{"line":160,"column":12},"end":{"line":160,"column":21}},"type":"binary-expr","locations":[{"start":{"line":160,"column":12},"end":{"line":160,"column":21}},{"start":{"line":160,"column":25},"end":{"line":160,"column":39}}]}},"s":{"0":1,"1":8,"2":10,"3":8,"4":8,"5":10,"6":10,"7":2,"8":8,"9":0,"10":8,"11":0,"12":8,"13":0,"14":8,"15":0,"16":8,"17":6,"18":2,"19":2,"20":0,"21":0,"22":0,"23":1,"24":23,"25":0,"26":23,"27":0,"28":2,"29":4,"30":14,"31":14,"32":0,"33":14,"34":0,"35":14,"36":13,"37":1,"38":0,"39":0,"40":0,"41":0,"42":1,"43":4,"44":1},"f":{"0":8,"1":10,"2":8,"3":8,"4":10,"5":1,"6":23,"7":0,"8":2,"9":4,"10":14,"11":0,"12":0,"13":0,"14":0,"15":4},"b":{"0":[8,8],"1":[10,0],"2":[2,8],"3":[0,8],"4":[0,8],"5":[0,8],"6":[0,8],"7":[6,2],"8":[2,0],"9":[0,0],"10":[0,23],"11":[12,11],"12":[0,0],"13":[0,0],"14":[0],"15":[14,0],"16":[14,14],"17":[0,14],"18":[0,14],"19":[14,13,13],"20":[13,1],"21":[14,13]}}
,"/home/sentinel/WebstormProjects/new-project/src/renderer/api/torrent/providers/idope-torrent.provider.ts": {"path":"/home/sentinel/WebstormProjects/new-project/src/renderer/api/torrent/providers/idope-torrent.provider.ts","statementMap":{"0":{"start":{"line":1,"column":0},"end":{"line":1,"column":34}},"1":{"start":{"line":2,"column":0},"end":{"line":2,"column":44}},"2":{"start":{"line":5,"column":0},"end":{"line":5,"column":49}},"3":{"start":{"line":9,"column":4},"end":{"line":9,"column":34}},"4":{"start":{"line":10,"column":4},"end":{"line":10,"column":23}},"5":{"start":{"line":14,"column":8},"end":{"line":17,"column":11}},"6":{"start":{"line":21,"column":25},"end":{"line":25,"column":10}},"7":{"start":{"line":27,"column":8},"end":{"line":27,"column":34}},"8":{"start":{"line":31,"column":25},"end":{"line":35,"column":10}},"9":{"start":{"line":37,"column":8},"end":{"line":37,"column":34}},"10":{"start":{"line":41,"column":8},"end":{"line":43,"column":32}},"11":{"start":{"line":42,"column":24},"end":{"line":42,"column":28}},"12":{"start":{"line":43,"column":25},"end":{"line":43,"column":30}},"13":{"start":{"line":47,"column":18},"end":{"line":47,"column":36}},"14":{"start":{"line":48,"column":29},"end":{"line":48,"column":33}},"15":{"start":{"line":51,"column":8},"end":{"line":62,"column":17}},"16":{"start":{"line":53,"column":12},"end":{"line":61,"column":26}},"17":{"start":{"line":66,"column":8},"end":{"line":77,"column":9}},"18":{"start":{"line":68,"column":16},"end":{"line":68,"column":48}},"19":{"start":{"line":71,"column":16},"end":{"line":73,"column":18}},"20":{"start":{"line":76,"column":16},"end":{"line":76,"column":26}},"21":{"start":{"line":7,"column":0},"end":{"line":80,"column":1}}},"fnMap":{"0":{"name":"(anonymous_0)","decl":{"start":{"line":13,"column":4},"end":{"line":null,"column":-1}},"loc":{"start":{"line":13,"column":4},"end":{"line":18,"column":5}}},"1":{"name":"(anonymous_1)","decl":{"start":{"line":20,"column":10},"end":{"line":20,"column":20}},"loc":{"start":{"line":20,"column":27},"end":{"line":28,"column":5}}},"2":{"name":"(anonymous_3)","decl":{"start":{"line":30,"column":10},"end":{"line":30,"column":19}},"loc":{"start":{"line":30,"column":26},"end":{"line":38,"column":5}}},"3":{"name":"(anonymous_5)","decl":{"start":{"line":40,"column":4},"end":{"line":40,"column":12}},"loc":{"start":{"line":40,"column":13},"end":{"line":44,"column":5}}},"4":{"name":"(anonymous_6)","decl":{"start":{"line":42,"column":18},"end":{"line":42,"column":23}},"loc":{"start":{"line":42,"column":24},"end":{"line":42,"column":28}}},"5":{"name":"(anonymous_7)","decl":{"start":{"line":43,"column":19},"end":{"line":43,"column":24}},"loc":{"start":{"line":43,"column":25},"end":{"line":43,"column":30}}},"6":{"name":"(anonymous_8)","decl":{"start":{"line":46,"column":4},"end":{"line":46,"column":10}},"loc":{"start":{"line":46,"column":24},"end":{"line":63,"column":5}}},"7":{"name":"(anonymous_9)","decl":{"start":{"line":51,"column":48},"end":{"line":null,"column":-1}},"loc":{"start":{"line":51,"column":48},"end":{"line":62,"column":9}}},"8":{"name":"(anonymous_10)","decl":{"start":{"line":65,"column":10},"end":{"line":65,"column":16}},"loc":{"start":{"line":65,"column":59},"end":{"line":78,"column":5}}}},"branchMap":{"0":{"loc":{"start":{"line":67,"column":12},"end":{"line":68,"column":48}},"type":"switch","locations":[{"start":{"line":67,"column":12},"end":{"line":68,"column":48}},{"start":{"line":70,"column":12},"end":{"line":73,"column":18}},{"start":{"line":75,"column":12},"end":{"line":76,"column":26}}]}},"s":{"0":1,"1":1,"2":1,"3":0,"4":0,"5":0,"6":0,"7":0,"8":0,"9":0,"10":0,"11":0,"12":0,"13":0,"14":0,"15":0,"16":0,"17":0,"18":0,"19":0,"20":0,"21":1},"f":{"0":0,"1":0,"2":0,"3":0,"4":0,"5":0,"6":0,"7":0,"8":0},"b":{"0":[0,0,0]}}
,"/home/sentinel/WebstormProjects/new-project/src/renderer/api/torrent/providers/index.ts": {"path":"/home/sentinel/WebstormProjects/new-project/src/renderer/api/torrent/providers/index.ts","statementMap":{"0":{"start":{"line":1,"column":0},"end":{"line":1,"column":41}},"1":{"start":{"line":2,"column":0},"end":{"line":2,"column":39}},"2":{"start":{"line":3,"column":0},"end":{"line":3,"column":43}},"3":{"start":{"line":4,"column":0},"end":{"line":4,"column":39}},"4":{"start":{"line":6,"column":0},"end":{"line":6,"column":45}}},"fnMap":{},"branchMap":{},"s":{"0":1,"1":1,"2":1,"3":1,"4":1},"f":{},"b":{}}
,"/home/sentinel/WebstormProjects/new-project/src/renderer/api/torrent/providers/kickass-torrent.provider.ts": {"path":"/home/sentinel/WebstormProjects/new-project/src/renderer/api/torrent/providers/kickass-torrent.provider.ts","statementMap":{"0":{"start":{"line":1,"column":0},"end":{"line":1,"column":44}},"1":{"start":{"line":2,"column":0},"end":{"line":2,"column":34}},"2":{"start":{"line":5,"column":0},"end":{"line":5,"column":47}},"3":{"start":{"line":9,"column":4},"end":{"line":9,"column":39}},"4":{"start":{"line":10,"column":4},"end":{"line":10,"column":25}},"5":{"start":{"line":14,"column":8},"end":{"line":17,"column":11}},"6":{"start":{"line":21,"column":8},"end":{"line":27,"column":29}},"7":{"start":{"line":26,"column":30},"end":{"line":26,"column":48}},"8":{"start":{"line":27,"column":25},"end":{"line":27,"column":27}},"9":{"start":{"line":31,"column":18},"end":{"line":31,"column":36}},"10":{"start":{"line":32,"column":29},"end":{"line":32,"column":33}},"11":{"start":{"line":34,"column":8},"end":{"line":44,"column":17}},"12":{"start":{"line":35,"column":12},"end":{"line":43,"column":26}},"13":{"start":{"line":48,"column":8},"end":{"line":50,"column":32}},"14":{"start":{"line":49,"column":24},"end":{"line":49,"column":28}},"15":{"start":{"line":50,"column":25},"end":{"line":50,"column":30}},"16":{"start":{"line":54,"column":8},"end":{"line":65,"column":9}},"17":{"start":{"line":56,"column":16},"end":{"line":56,"column":52}},"18":{"start":{"line":59,"column":16},"end":{"line":61,"column":18}},"19":{"start":{"line":64,"column":16},"end":{"line":64,"column":26}},"20":{"start":{"line":7,"column":0},"end":{"line":68,"column":1}}},"fnMap":{"0":{"name":"(anonymous_0)","decl":{"start":{"line":13,"column":4},"end":{"line":null,"column":-1}},"loc":{"start":{"line":13,"column":4},"end":{"line":18,"column":5}}},"1":{"name":"(anonymous_1)","decl":{"start":{"line":20,"column":12},"end":{"line":20,"column":16}},"loc":{"start":{"line":20,"column":31},"end":{"line":28,"column":5}}},"2":{"name":"(anonymous_2)","decl":{"start":{"line":26,"column":16},"end":{"line":26,"column":17}},"loc":{"start":{"line":26,"column":30},"end":{"line":26,"column":48}}},"3":{"name":"(anonymous_3)","decl":{"start":{"line":27,"column":19},"end":{"line":27,"column":24}},"loc":{"start":{"line":27,"column":25},"end":{"line":27,"column":27}}},"4":{"name":"(anonymous_4)","decl":{"start":{"line":30,"column":4},"end":{"line":30,"column":10}},"loc":{"start":{"line":30,"column":16},"end":{"line":45,"column":5}}},"5":{"name":"(anonymous_5)","decl":{"start":{"line":34,"column":66},"end":{"line":null,"column":-1}},"loc":{"start":{"line":34,"column":66},"end":{"line":44,"column":9}}},"6":{"name":"(anonymous_6)","decl":{"start":{"line":47,"column":4},"end":{"line":47,"column":12}},"loc":{"start":{"line":47,"column":13},"end":{"line":51,"column":5}}},"7":{"name":"(anonymous_7)","decl":{"start":{"line":49,"column":18},"end":{"line":49,"column":23}},"loc":{"start":{"line":49,"column":24},"end":{"line":49,"column":28}}},"8":{"name":"(anonymous_8)","decl":{"start":{"line":50,"column":19},"end":{"line":50,"column":24}},"loc":{"start":{"line":50,"column":25},"end":{"line":50,"column":30}}},"9":{"name":"(anonymous_9)","decl":{"start":{"line":53,"column":10},"end":{"line":53,"column":16}},"loc":{"start":{"line":53,"column":59},"end":{"line":66,"column":5}}}},"branchMap":{"0":{"loc":{"start":{"line":55,"column":12},"end":{"line":56,"column":52}},"type":"switch","locations":[{"start":{"line":55,"column":12},"end":{"line":56,"column":52}},{"start":{"line":58,"column":12},"end":{"line":61,"column":18}},{"start":{"line":63,"column":12},"end":{"line":64,"column":26}}]},"1":{"loc":{"start":{"line":56,"column":34},"end":{"line":56,"column":40}},"type":"binary-expr","locations":[{"start":{"line":56,"column":34},"end":{"line":56,"column":40}},{"start":{"line":56,"column":44},"end":{"line":56,"column":50}}]}},"s":{"0":1,"1":1,"2":1,"3":1,"4":1,"5":1,"6":1,"7":1,"8":0,"9":1,"10":1,"11":1,"12":10,"13":1,"14":1,"15":0,"16":1,"17":1,"18":0,"19":0,"20":1},"f":{"0":1,"1":1,"2":1,"3":0,"4":1,"5":10,"6":1,"7":1,"8":0,"9":1},"b":{"0":[1,0,0],"1":[1,1]}}
,"/home/sentinel/WebstormProjects/new-project/src/renderer/api/torrent/providers/tpb-torrent.provider.ts": {"path":"/home/sentinel/WebstormProjects/new-project/src/renderer/api/torrent/providers/tpb-torrent.provider.ts","statementMap":{"0":{"start":{"line":1,"column":0},"end":{"line":1,"column":44}},"1":{"start":{"line":2,"column":0},"end":{"line":2,"column":34}},"2":{"start":{"line":4,"column":0},"end":{"line":4,"column":49}},"3":{"start":{"line":9,"column":4},"end":{"line":9,"column":37}},"4":{"start":{"line":10,"column":4},"end":{"line":10,"column":30}},"5":{"start":{"line":14,"column":8},"end":{"line":17,"column":11}},"6":{"start":{"line":21,"column":8},"end":{"line":23,"column":29}},"7":{"start":{"line":22,"column":32},"end":{"line":22,"column":50}},"8":{"start":{"line":23,"column":25},"end":{"line":23,"column":27}},"9":{"start":{"line":27,"column":18},"end":{"line":27,"column":36}},"10":{"start":{"line":28,"column":29},"end":{"line":28,"column":33}},"11":{"start":{"line":30,"column":8},"end":{"line":43,"column":17}},"12":{"start":{"line":31,"column":23},"end":{"line":31,"column":41}},"13":{"start":{"line":33,"column":11},"end":{"line":42,"column":25}},"14":{"start":{"line":47,"column":8},"end":{"line":49,"column":32}},"15":{"start":{"line":48,"column":24},"end":{"line":48,"column":28}},"16":{"start":{"line":49,"column":25},"end":{"line":49,"column":30}},"17":{"start":{"line":53,"column":8},"end":{"line":64,"column":9}},"18":{"start":{"line":55,"column":16},"end":{"line":55,"column":42}},"19":{"start":{"line":58,"column":16},"end":{"line":60,"column":18}},"20":{"start":{"line":63,"column":16},"end":{"line":63,"column":26}},"21":{"start":{"line":7,"column":0},"end":{"line":67,"column":1}}},"fnMap":{"0":{"name":"(anonymous_0)","decl":{"start":{"line":13,"column":4},"end":{"line":null,"column":-1}},"loc":{"start":{"line":13,"column":4},"end":{"line":18,"column":5}}},"1":{"name":"(anonymous_1)","decl":{"start":{"line":20,"column":12},"end":{"line":20,"column":16}},"loc":{"start":{"line":20,"column":23},"end":{"line":24,"column":5}}},"2":{"name":"(anonymous_2)","decl":{"start":{"line":22,"column":18},"end":{"line":22,"column":19}},"loc":{"start":{"line":22,"column":32},"end":{"line":22,"column":50}}},"3":{"name":"(anonymous_3)","decl":{"start":{"line":23,"column":19},"end":{"line":23,"column":24}},"loc":{"start":{"line":23,"column":25},"end":{"line":23,"column":27}}},"4":{"name":"(anonymous_4)","decl":{"start":{"line":26,"column":4},"end":{"line":26,"column":10}},"loc":{"start":{"line":26,"column":16},"end":{"line":44,"column":5}}},"5":{"name":"(anonymous_5)","decl":{"start":{"line":30,"column":74},"end":{"line":null,"column":-1}},"loc":{"start":{"line":30,"column":74},"end":{"line":43,"column":9}}},"6":{"name":"(anonymous_6)","decl":{"start":{"line":46,"column":4},"end":{"line":46,"column":12}},"loc":{"start":{"line":46,"column":13},"end":{"line":50,"column":5}}},"7":{"name":"(anonymous_7)","decl":{"start":{"line":48,"column":18},"end":{"line":48,"column":23}},"loc":{"start":{"line":48,"column":24},"end":{"line":48,"column":28}}},"8":{"name":"(anonymous_8)","decl":{"start":{"line":49,"column":19},"end":{"line":49,"column":24}},"loc":{"start":{"line":49,"column":25},"end":{"line":49,"column":30}}},"9":{"name":"(anonymous_9)","decl":{"start":{"line":52,"column":10},"end":{"line":52,"column":16}},"loc":{"start":{"line":52,"column":59},"end":{"line":65,"column":5}}}},"branchMap":{"0":{"loc":{"start":{"line":54,"column":12},"end":{"line":55,"column":42}},"type":"switch","locations":[{"start":{"line":54,"column":12},"end":{"line":55,"column":42}},{"start":{"line":57,"column":12},"end":{"line":60,"column":18}},{"start":{"line":62,"column":12},"end":{"line":63,"column":26}}]}},"s":{"0":1,"1":1,"2":1,"3":1,"4":1,"5":1,"6":0,"7":0,"8":0,"9":0,"10":0,"11":0,"12":0,"13":0,"14":1,"15":0,"16":1,"17":0,"18":0,"19":0,"20":0,"21":1},"f":{"0":1,"1":0,"2":0,"3":0,"4":0,"5":0,"6":1,"7":0,"8":1,"9":0},"b":{"0":[0,0,0]}}
,"/home/sentinel/WebstormProjects/new-project/src/renderer/api/torrent/providers/yts-torrent.provider.ts": {"path":"/home/sentinel/WebstormProjects/new-project/src/renderer/api/torrent/providers/yts-torrent.provider.ts","statementMap":{"0":{"start":{"line":1,"column":0},"end":{"line":1,"column":44}},"1":{"start":{"line":3,"column":0},"end":{"line":3,"column":49}},"2":{"start":{"line":9,"column":4},"end":{"line":9,"column":67}},"3":{"start":{"line":10,"column":4},"end":{"line":10,"column":21}},"4":{"start":{"line":31,"column":11},"end":{"line":40,"column":6}},"5":{"start":{"line":31,"column":56},"end":{"line":40,"column":5}},"6":{"start":{"line":14,"column":8},"end":{"line":17,"column":11}},"7":{"start":{"line":21,"column":8},"end":{"line":28,"column":11}},"8":{"start":{"line":43,"column":8},"end":{"line":45,"column":32}},"9":{"start":{"line":44,"column":24},"end":{"line":44,"column":28}},"10":{"start":{"line":45,"column":25},"end":{"line":45,"column":30}},"11":{"start":{"line":49,"column":8},"end":{"line":66,"column":9}},"12":{"start":{"line":51,"column":16},"end":{"line":62,"column":23}},"13":{"start":{"line":53,"column":24},"end":{"line":53,"column":62}},"14":{"start":{"line":53,"column":52},"end":{"line":53,"column":62}},"15":{"start":{"line":55,"column":24},"end":{"line":61,"column":26}},"16":{"start":{"line":57,"column":50},"end":{"line":59,"column":33}},"17":{"start":{"line":58,"column":49},"end":{"line":58,"column":76}},"18":{"start":{"line":65,"column":16},"end":{"line":65,"column":26}},"19":{"start":{"line":6,"column":0},"end":{"line":69,"column":1}}},"fnMap":{"0":{"name":"(anonymous_0)","decl":{"start":{"line":13,"column":4},"end":{"line":null,"column":-1}},"loc":{"start":{"line":13,"column":4},"end":{"line":18,"column":5}}},"1":{"name":"(anonymous_1)","decl":{"start":{"line":31,"column":27},"end":{"line":31,"column":28}},"loc":{"start":{"line":31,"column":56},"end":{"line":40,"column":5}}},"2":{"name":"(anonymous_2)","decl":{"start":{"line":20,"column":12},"end":{"line":20,"column":16}},"loc":{"start":{"line":20,"column":24},"end":{"line":29,"column":5}}},"3":{"name":"(anonymous_3)","decl":{"start":{"line":42,"column":11},"end":{"line":42,"column":19}},"loc":{"start":{"line":42,"column":20},"end":{"line":46,"column":5}}},"4":{"name":"(anonymous_4)","decl":{"start":{"line":44,"column":18},"end":{"line":44,"column":23}},"loc":{"start":{"line":44,"column":24},"end":{"line":44,"column":28}}},"5":{"name":"(anonymous_5)","decl":{"start":{"line":45,"column":19},"end":{"line":45,"column":24}},"loc":{"start":{"line":45,"column":25},"end":{"line":45,"column":30}}},"6":{"name":"(anonymous_6)","decl":{"start":{"line":48,"column":17},"end":{"line":48,"column":23}},"loc":{"start":{"line":48,"column":49},"end":{"line":67,"column":5}}},"7":{"name":"(anonymous_8)","decl":{"start":{"line":52,"column":26},"end":{"line":52,"column":27}},"loc":{"start":{"line":52,"column":45},"end":{"line":62,"column":21}}},"8":{"name":"(anonymous_9)","decl":{"start":{"line":57,"column":32},"end":{"line":57,"column":33}},"loc":{"start":{"line":57,"column":50},"end":{"line":59,"column":33}}},"9":{"name":"(anonymous_10)","decl":{"start":{"line":58,"column":36},"end":{"line":58,"column":37}},"loc":{"start":{"line":58,"column":49},"end":{"line":58,"column":76}}}},"branchMap":{"0":{"loc":{"start":{"line":37,"column":19},"end":{"line":37,"column":61}},"type":"binary-expr","locations":[{"start":{"line":37,"column":19},"end":{"line":37,"column":61}},{"start":{"line":37,"column":66},"end":{"line":37,"column":86}}]},"1":{"loc":{"start":{"line":50,"column":12},"end":{"line":62,"column":23}},"type":"switch","locations":[{"start":{"line":50,"column":12},"end":{"line":62,"column":23}},{"start":{"line":64,"column":12},"end":{"line":65,"column":26}}]},"2":{"loc":{"start":{"line":51,"column":34},"end":{"line":51,"column":40}},"type":"binary-expr","locations":[{"start":{"line":51,"column":34},"end":{"line":51,"column":40}},{"start":{"line":51,"column":44},"end":{"line":51,"column":50}}]},"3":{"loc":{"start":{"line":53,"column":24},"end":{"line":53,"column":62}},"type":"if","locations":[{"start":{"line":53,"column":24},"end":{"line":53,"column":62}},{"start":{"line":53,"column":24},"end":{"line":53,"column":62}}]}},"s":{"0":1,"1":1,"2":1,"3":1,"4":1,"5":4,"6":1,"7":1,"8":1,"9":1,"10":0,"11":1,"12":1,"13":1,"14":0,"15":1,"16":2,"17":4,"18":0,"19":1},"f":{"0":1,"1":4,"2":1,"3":1,"4":1,"5":0,"6":1,"7":1,"8":2,"9":4},"b":{"0":[4,0],"1":[1,0],"2":[1,1],"3":[0,1]}}
}
