TN:
SF:/home/sentinel/WebstormProjects/new-project/src/utils.ts
FN:1,(anonymous_0)
FN:3,includes
FNF:2
FNH:2
FNDA:1,(anonymous_0)
FNDA:36,includes
DA:1,1
DA:3,1
DA:4,36
DA:5,199
DA:8,26
LF:5
LH:5
BRDA:5,0,0,10
BRDA:5,0,1,189
BRDA:1,1,0,1
BRDA:1,1,1,1
BRF:4
BRH:4
end_of_record
TN:
SF:/home/sentinel/WebstormProjects/new-project/src/renderer/api/torrent/adapter.ts
FN:12,(anonymous_0)
FN:23,(anonymous_1)
FN:25,(anonymous_3)
FN:30,(anonymous_4)
FN:31,(anonymous_5)
FN:32,(anonymous_6)
FN:35,(anonymous_7)
FN:38,(anonymous_9)
FN:47,(anonymous_10)
FN:48,(anonymous_11)
FN:58,(anonymous_12)
FN:69,(anonymous_13)
FN:74,(anonymous_15)
FN:88,(anonymous_16)
FN:89,(anonymous_17)
FNF:15
FNH:12
FNDA:1,(anonymous_0)
FNDA:1,(anonymous_1)
FNDA:3,(anonymous_3)
FNDA:3,(anonymous_4)
FNDA:3,(anonymous_5)
FNDA:2,(anonymous_6)
FNDA:1,(anonymous_7)
FNDA:14,(anonymous_9)
FNDA:1,(anonymous_10)
FNDA:14,(anonymous_11)
FNDA:0,(anonymous_12)
FNDA:1,(anonymous_13)
FNDA:2,(anonymous_15)
FNDA:0,(anonymous_16)
FNDA:0,(anonymous_17)
DA:1,1
DA:2,1
DA:12,1
DA:16,1
DA:24,1
DA:25,3
DA:27,1
DA:29,1
DA:30,3
DA:31,3
DA:32,2
DA:36,1
DA:38,14
DA:42,1
DA:48,14
DA:59,0
DA:70,1
DA:73,1
DA:74,2
DA:77,1
DA:79,1
DA:81,1
DA:86,0
DA:88,0
DA:89,0
DA:93,0
LF:26
LH:21
BRDA:51,0,0,14
BRDA:51,0,1,0
BRDA:51,1,0,14
BRDA:51,1,1,0
BRDA:53,2,0,4
BRDA:53,2,1,10
BRDA:60,3,0,0
BRDA:60,3,1,0
BRDA:69,4,0,0
BRDA:80,5,0,1
BRDA:80,5,1,0
BRDA:80,5,2,0
BRF:12
BRH:5
end_of_record
TN:
SF:/home/sentinel/WebstormProjects/new-project/src/renderer/api/torrent/provider-utils.ts
FN:18,(anonymous_0)
FN:27,(anonymous_1)
FN:42,(anonymous_2)
FN:65,(anonymous_3)
FN:82,(anonymous_4)
FN:132,(anonymous_5)
FN:133,(anonymous_6)
FN:142,(anonymous_7)
FN:149,(anonymous_8)
FN:150,(anonymous_9)
FN:153,(anonymous_10)
FN:165,(anonymous_11)
FN:167,(anonymous_12)
FN:169,(anonymous_13)
FN:171,(anonymous_14)
FN:11,(anonymous_15)
FNF:16
FNH:11
FNDA:8,(anonymous_0)
FNDA:10,(anonymous_1)
FNDA:8,(anonymous_2)
FNDA:8,(anonymous_3)
FNDA:10,(anonymous_4)
FNDA:1,(anonymous_5)
FNDA:23,(anonymous_6)
FNDA:0,(anonymous_7)
FNDA:2,(anonymous_8)
FNDA:4,(anonymous_9)
FNDA:14,(anonymous_10)
FNDA:0,(anonymous_11)
FNDA:0,(anonymous_12)
FNDA:0,(anonymous_13)
FNDA:0,(anonymous_14)
FNDA:4,(anonymous_15)
DA:1,1
DA:4,1
DA:11,4
DA:19,8
DA:28,10
DA:43,8
DA:66,8
DA:83,10
DA:86,10
DA:89,8
DA:92,8
DA:95,8
DA:98,8
DA:102,0
DA:105,8
DA:112,6
DA:115,2
DA:120,2
DA:123,0
DA:127,0
DA:129,0
DA:133,1
DA:134,23
DA:136,23
DA:143,0
DA:150,4
DA:154,14
DA:158,14
DA:159,14
DA:160,14
DA:162,1
DA:166,0
DA:168,0
DA:169,0
DA:171,0
LF:35
LH:26
BRDA:19,0,0,8
BRDA:19,0,1,8
BRDA:83,1,0,10
BRDA:83,1,1,0
BRDA:86,2,0,2
BRDA:86,2,1,8
BRDA:89,3,0,0
BRDA:89,3,1,8
BRDA:92,4,0,0
BRDA:92,4,1,8
BRDA:95,5,0,0
BRDA:95,5,1,8
BRDA:98,6,0,0
BRDA:98,6,1,8
BRDA:105,7,0,6
BRDA:105,7,1,2
BRDA:115,8,0,2
BRDA:115,8,1,0
BRDA:123,9,0,0
BRDA:123,9,1,0
BRDA:134,10,0,0
BRDA:134,10,1,23
BRDA:137,11,0,12
BRDA:137,11,1,11
BRDA:144,12,0,0
BRDA:144,12,1,0
BRDA:145,13,0,0
BRDA:145,13,1,0
BRDA:153,14,0,0
BRDA:155,15,0,14
BRDA:155,15,1,0
BRDA:154,16,0,14
BRDA:154,16,1,14
BRDA:158,17,0,0
BRDA:158,17,1,14
BRDA:159,18,0,0
BRDA:159,18,1,14
BRDA:159,19,0,14
BRDA:159,19,1,13
BRDA:159,19,2,13
BRDA:160,20,0,13
BRDA:160,20,1,1
BRDA:160,21,0,14
BRDA:160,21,1,13
BRF:44
BRH:27
end_of_record
TN:
SF:/home/sentinel/WebstormProjects/new-project/src/renderer/api/torrent/providers/idope-torrent.provider.ts
FN:13,(anonymous_0)
FN:20,(anonymous_1)
FN:30,(anonymous_3)
FN:40,(anonymous_5)
FN:42,(anonymous_6)
FN:43,(anonymous_7)
FN:46,(anonymous_8)
FN:51,(anonymous_9)
FN:65,(anonymous_10)
FNF:9
FNH:0
FNDA:0,(anonymous_0)
FNDA:0,(anonymous_1)
FNDA:0,(anonymous_3)
FNDA:0,(anonymous_5)
FNDA:0,(anonymous_6)
FNDA:0,(anonymous_7)
FNDA:0,(anonymous_8)
FNDA:0,(anonymous_9)
FNDA:0,(anonymous_10)
DA:1,1
DA:2,1
DA:5,1
DA:7,1
DA:9,0
DA:10,0
DA:14,0
DA:21,0
DA:27,0
DA:31,0
DA:37,0
DA:41,0
DA:42,0
DA:43,0
DA:47,0
DA:48,0
DA:51,0
DA:53,0
DA:66,0
DA:68,0
DA:71,0
DA:76,0
LF:22
LH:4
BRDA:67,0,0,0
BRDA:67,0,1,0
BRDA:67,0,2,0
BRF:3
BRH:0
end_of_record
TN:
SF:/home/sentinel/WebstormProjects/new-project/src/renderer/api/torrent/providers/index.ts
FNF:0
FNH:0
DA:1,1
DA:2,1
DA:3,1
DA:4,1
DA:6,1
LF:5
LH:5
BRF:0
BRH:0
end_of_record
TN:
SF:/home/sentinel/WebstormProjects/new-project/src/renderer/api/torrent/providers/kickass-torrent.provider.ts
FN:13,(anonymous_0)
FN:20,(anonymous_1)
FN:26,(anonymous_2)
FN:27,(anonymous_3)
FN:30,(anonymous_4)
FN:34,(anonymous_5)
FN:47,(anonymous_6)
FN:49,(anonymous_7)
FN:50,(anonymous_8)
FN:53,(anonymous_9)
FNF:10
FNH:8
FNDA:1,(anonymous_0)
FNDA:1,(anonymous_1)
FNDA:1,(anonymous_2)
FNDA:0,(anonymous_3)
FNDA:1,(anonymous_4)
FNDA:10,(anonymous_5)
FNDA:1,(anonymous_6)
FNDA:1,(anonymous_7)
FNDA:0,(anonymous_8)
FNDA:1,(anonymous_9)
DA:1,1
DA:2,1
DA:5,1
DA:7,1
DA:9,1
DA:10,1
DA:14,1
DA:21,1
DA:26,1
DA:27,0
DA:31,1
DA:32,1
DA:34,1
DA:35,10
DA:48,1
DA:49,1
DA:50,0
DA:54,1
DA:56,1
DA:59,0
DA:64,0
LF:21
LH:17
BRDA:55,0,0,1
BRDA:55,0,1,0
BRDA:55,0,2,0
BRDA:56,1,0,1
BRDA:56,1,1,1
BRF:5
BRH:3
end_of_record
TN:
SF:/home/sentinel/WebstormProjects/new-project/src/renderer/api/torrent/providers/tpb-torrent.provider.ts
FN:13,(anonymous_0)
FN:20,(anonymous_1)
FN:22,(anonymous_2)
FN:23,(anonymous_3)
FN:26,(anonymous_4)
FN:30,(anonymous_5)
FN:46,(anonymous_6)
FN:48,(anonymous_7)
FN:49,(anonymous_8)
FN:52,(anonymous_9)
FNF:10
FNH:3
FNDA:1,(anonymous_0)
FNDA:0,(anonymous_1)
FNDA:0,(anonymous_2)
FNDA:0,(anonymous_3)
FNDA:0,(anonymous_4)
FNDA:0,(anonymous_5)
FNDA:1,(anonymous_6)
FNDA:0,(anonymous_7)
FNDA:1,(anonymous_8)
FNDA:0,(anonymous_9)
DA:1,1
DA:2,1
DA:4,1
DA:7,1
DA:9,1
DA:10,1
DA:14,1
DA:21,0
DA:22,0
DA:23,0
DA:27,0
DA:28,0
DA:30,0
DA:31,0
DA:33,0
DA:47,1
DA:48,0
DA:49,1
DA:53,0
DA:55,0
DA:58,0
DA:63,0
LF:22
LH:9
BRDA:54,0,0,0
BRDA:54,0,1,0
BRDA:54,0,2,0
BRF:3
BRH:0
end_of_record
TN:
SF:/home/sentinel/WebstormProjects/new-project/src/renderer/api/torrent/providers/yts-torrent.provider.ts
FN:13,(anonymous_0)
FN:31,(anonymous_1)
FN:20,(anonymous_2)
FN:42,(anonymous_3)
FN:44,(anonymous_4)
FN:45,(anonymous_5)
FN:48,(anonymous_6)
FN:52,(anonymous_8)
FN:57,(anonymous_9)
FN:58,(anonymous_10)
FNF:10
FNH:9
FNDA:1,(anonymous_0)
FNDA:4,(anonymous_1)
FNDA:1,(anonymous_2)
FNDA:1,(anonymous_3)
FNDA:1,(anonymous_4)
FNDA:0,(anonymous_5)
FNDA:1,(anonymous_6)
FNDA:1,(anonymous_8)
FNDA:2,(anonymous_9)
FNDA:4,(anonymous_10)
DA:1,1
DA:3,1
DA:6,1
DA:9,1
DA:10,1
DA:14,1
DA:21,1
DA:31,4
DA:43,1
DA:44,1
DA:45,0
DA:49,1
DA:51,1
DA:53,1
DA:55,1
DA:57,2
DA:58,4
DA:65,0
LF:18
LH:16
BRDA:37,0,0,4
BRDA:37,0,1,0
BRDA:50,1,0,1
BRDA:50,1,1,0
BRDA:51,2,0,1
BRDA:51,2,1,1
BRDA:53,3,0,0
BRDA:53,3,1,1
BRF:8
BRH:5
end_of_record
